<html>
<head>
<title>TestNG:  BestBuyTest</title>
<link href="../testng.css" rel="stylesheet" type="text/css" />
<link href="../my-testng.css" rel="stylesheet" type="text/css" />

<style type="text/css">
.log { display: none;} 
.stack-trace { display: none;} 
</style>
<script type="text/javascript">
<!--
function flip(e) {
  current = e.style.display;
  if (current == 'block') {
    e.style.display = 'none';
    return 0;
  }
  else {
    e.style.display = 'block';
    return 1;
  }
}

function toggleBox(szDivId, elem, msg1, msg2)
{
  var res = -1;  if (document.getElementById) {
    res = flip(document.getElementById(szDivId));
  }
  else if (document.all) {
    // this is the way old msie versions work
    res = flip(document.all[szDivId]);
  }
  if(elem) {
    if(res == 0) elem.innerHTML = msg1; else elem.innerHTML = msg2;
  }

}

function toggleAllBoxes() {
  if (document.getElementsByTagName) {
    d = document.getElementsByTagName('div');
    for (i = 0; i < d.length; i++) {
      if (d[i].className == 'log') {
        flip(d[i]);
      }
    }
  }
}

// -->
</script>

</head>
<body>
<h2 align='center'>BestBuyTest</h2><table border='1' align="center">
<tr>
<td>Tests passed/Failed/Skipped:</td><td>11/0/0</td>
</tr><tr>
<td>Started on:</td><td>Fri Jun 07 09:20:55 IST 2024</td>
</tr>
<tr><td>Total time:</td><td>368 seconds (368257 ms)</td>
</tr><tr>
<td>Included groups:</td><td></td>
</tr><tr>
<td>Excluded groups:</td><td></td>
</tr>
</table><p/>
<small><i>(Hover the method name to see the test class name)</i></small><p/>
<table width='100%' border='1' class='invocation-passed'>
<tr><td colspan='4' align='center'><b>PASSED TESTS</b></td></tr>
<tr><td><b>Test method</b></td>
<td><b>Attribute(s)</b></td>
<td width="30%"><b>Exception</b></td>
<td width="10%"><b>Time (seconds)</b></td>
<td><b>Instance</b></td>
</tr>
<tr>
<td title='baseBestBuy.TC_01_URLLinkHomepageBestBuy.verifyingUrl()'><b>verifyingUrl</b><br>Test class: baseBestBuy.TC_01_URLLinkHomepageBestBuy</td>
<td></td>
<td>8</td>
<td>baseBestBuy.TC_01_URLLinkHomepageBestBuy@368f2016</td></tr>
<tr>
<td title='baseBestBuy.TC_02_SignUpTest.signupTest()'><b>signupTest</b><br>Test class: baseBestBuy.TC_02_SignUpTest</td>
<td></td>
<td>18</td>
<td>baseBestBuy.TC_02_SignUpTest@38425407</td></tr>
<tr>
<td title='baseBestBuy.TC_03_LoginTestcases.loginTest()'><b>loginTest</b><br>Test class: baseBestBuy.TC_03_LoginTestcases</td>
<td></td>
<td>17</td>
<td>baseBestBuy.TC_03_LoginTestcases@6025e1b6</td></tr>
<tr>
<td title='baseBestBuy.TC_07_AddItemDeptTest.addItemShopByDep()'><b>addItemShopByDep</b><br>Test class: baseBestBuy.TC_07_AddItemDeptTest</td>
<td></td>
<td>21</td>
<td>baseBestBuy.TC_07_AddItemDeptTest@40a4337a</td></tr>
<tr>
<td title='baseBestBuy.TC_01_URLLinkHomepageBestBuy.testHomepage()'><b>testHomepage</b><br>Test class: baseBestBuy.TC_01_URLLinkHomepageBestBuy</td>
<td></td>
<td>0</td>
<td>baseBestBuy.TC_01_URLLinkHomepageBestBuy@368f2016</td></tr>
<tr>
<td title='baseBestBuy.TC_04_BottomLinksTestBB.toVerifyBottomLinks()'><b>toVerifyBottomLinks</b><br>Test class: baseBestBuy.TC_04_BottomLinksTestBB</td>
<td></td>
<td>17</td>
<td>baseBestBuy.TC_04_BottomLinksTestBB@6a6cb05c</td></tr>
<tr>
<td title='baseBestBuy.TC_06_SearchAddIteamTestBB.addToCart()'><b>addToCart</b><br>Test class: baseBestBuy.TC_06_SearchAddIteamTestBB</td>
<td></td>
<td>31</td>
<td>baseBestBuy.TC_06_SearchAddIteamTestBB@43bc63a3</td></tr>
<tr>
<td title='baseBestBuy.TC_08_AddItemBrandMenuTest.addItemFromBrands()'><b>addItemFromBrands</b><br>Test class: baseBestBuy.TC_08_AddItemBrandMenuTest</td>
<td></td>
<td>35</td>
<td>baseBestBuy.TC_08_AddItemBrandMenuTest@702657cc</td></tr>
<tr>
<td title='baseBestBuy.TC_01_URLLinkHomepageBestBuy.selectLocation()'><b>selectLocation</b><br>Test class: baseBestBuy.TC_01_URLLinkHomepageBestBuy</td>
<td></td>
<td>7</td>
<td>baseBestBuy.TC_01_URLLinkHomepageBestBuy@368f2016</td></tr>
<tr>
<td title='baseBestBuy.TC_09_CheckOutPageTest.checkoutPage()'><b>checkoutPage</b><br>Test class: baseBestBuy.TC_09_CheckOutPageTest</td>
<td><div><pre>org.openqa.selenium.NoSuchElementException: no such element: Unable to locate element: {&quot;method&quot;:&quot;xpath&quot;,&quot;selector&quot;:&quot;//input[@id=&apos;number&apos;]&quot;}
  (Session info: chrome=125.0.6422.142)
For documentation on this error, please visit: https://www.selenium.dev/documentation/webdriver/troubleshooting/errors#no-such-element-exception
Build info: version: &apos;4.19.0&apos;, revision: &apos;5f9cec8963&apos;
System info: os.name: &apos;Windows 10&apos;, os.arch: &apos;amd64&apos;, os.version: &apos;10.0&apos;, java.version: &apos;21.0.2&apos;
Driver info: org.openqa.selenium.chrome.ChromeDriver
Command: [1b403b30a65a2f946c52e8e93eb279fe, findElement {value=//input[@id=&apos;number&apos;], using=xpath}]
Capabilities {acceptInsecureCerts: false, browserName: chrome, browserVersion: 125.0.6422.142, chrome: {chromedriverVersion: 125.0.6422.141 (4b1e8393712..., userDataDir: C:\Users\priya\AppData\Loca...}, fedcm:accounts: true, goog:chromeOptions: {debuggerAddress: localhost:58431}, networkConnectionEnabled: false, pageLoadStrategy: normal, platformName: windows, proxy: Proxy(), se:cdp: ws://localhost:58431/devtoo..., se:cdpVersion: 125.0.6422.142, setWindowRect: true, strictFileInteractability: false, timeouts: {implicit: 0, pageLoad: 300000, script: 30000}, unhandledPromptBehavior: dismiss and notify, webauthn:extension:credBlob: true, webauthn:extension:largeBlob: true, webauthn:extension:minPinLength: true, webauthn:extension:prf: true, webauthn:virtualAuthenticators: true}
Session ID: 1b403b30a65a2f946c52e8e93eb279fe
	at org.openqa.selenium.remote.ErrorCodec.decode(ErrorCodec.java:167)
	at org.openqa.selenium.remote.codec.w3c.W3CHttpResponseCodec.decode(W3CHttpResponseCodec.java:138)
	at org.openqa.selenium.remote.codec.w3c.W3CHttpResponseCodec.decode(W3CHttpResponseCodec.java:50)
	at org.openqa.selenium.remote.HttpCommandExecutor.execute(HttpCommandExecutor.java:190)
	at org.openqa.selenium.remote.service.DriverCommandExecutor.invokeExecute(DriverCommandExecutor.java:216)
	at org.openqa.selenium.remote.service.DriverCommandExecutor.execute(DriverCommandExecutor.java:174)
	at org.openqa.selenium.remote.RemoteWebDriver.execute(RemoteWebDriver.java:518)
	at org.openqa.selenium.remote.ElementLocation$ElementFinder$2.findElement(ElementLocation.java:165)
	at org.openqa.selenium.remote.ElementLocation.findElement(ElementLocation.java:59)
	at org.openqa.selenium.remote.RemoteWebDriver.findElement(RemoteWebDriver.java:355)
	at org.openqa.selenium.remote.RemoteWebDriver.findElement(RemoteWebDriver.java:349)
	at org.openqa.selenium.support.pagefactory.DefaultElementLocator.findElement(DefaultElementLocator.java:68)
	at org.openqa.selenium.support.pagefactory.internal.LocatingElementHandler.invoke(LocatingElementHandler.java:38)
	at jdk.proxy2/jdk.proxy2.$Proxy12.sendKeys(Unknown Source)
	at pagesBestBuy.CheckOutPageFilling.enterDebitCardNumber(CheckOutPageFilling.java:71)
	at baseBestBuy.TC_09_CheckOutPageTest.checkoutPage(TC_09_CheckOutPageTest.java:45)
	at java.base/java.util.ArrayList.forEach(ArrayList.java:1596)
... Removed 28 stack frames</pre></div><a href='#' onClick='toggleBox("stack-trace1258103238", this, "Click to show all stack frames", "Click to hide stack frames")'>Click to show all stack frames</a>
<div class='stack-trace' id='stack-trace1258103238'><pre>org.openqa.selenium.NoSuchElementException: no such element: Unable to locate element: {&quot;method&quot;:&quot;xpath&quot;,&quot;selector&quot;:&quot;//input[@id=&apos;number&apos;]&quot;}
  (Session info: chrome=125.0.6422.142)
For documentation on this error, please visit: https://www.selenium.dev/documentation/webdriver/troubleshooting/errors#no-such-element-exception
Build info: version: &apos;4.19.0&apos;, revision: &apos;5f9cec8963&apos;
System info: os.name: &apos;Windows 10&apos;, os.arch: &apos;amd64&apos;, os.version: &apos;10.0&apos;, java.version: &apos;21.0.2&apos;
Driver info: org.openqa.selenium.chrome.ChromeDriver
Command: [1b403b30a65a2f946c52e8e93eb279fe, findElement {value=//input[@id=&apos;number&apos;], using=xpath}]
Capabilities {acceptInsecureCerts: false, browserName: chrome, browserVersion: 125.0.6422.142, chrome: {chromedriverVersion: 125.0.6422.141 (4b1e8393712..., userDataDir: C:\Users\priya\AppData\Loca...}, fedcm:accounts: true, goog:chromeOptions: {debuggerAddress: localhost:58431}, networkConnectionEnabled: false, pageLoadStrategy: normal, platformName: windows, proxy: Proxy(), se:cdp: ws://localhost:58431/devtoo..., se:cdpVersion: 125.0.6422.142, setWindowRect: true, strictFileInteractability: false, timeouts: {implicit: 0, pageLoad: 300000, script: 30000}, unhandledPromptBehavior: dismiss and notify, webauthn:extension:credBlob: true, webauthn:extension:largeBlob: true, webauthn:extension:minPinLength: true, webauthn:extension:prf: true, webauthn:virtualAuthenticators: true}
Session ID: 1b403b30a65a2f946c52e8e93eb279fe
	at java.base/jdk.internal.reflect.DirectConstructorHandleAccessor.newInstance(DirectConstructorHandleAccessor.java:62)
	at java.base/java.lang.reflect.Constructor.newInstanceWithCaller(Constructor.java:502)
	at java.base/java.lang.reflect.Constructor.newInstance(Constructor.java:486)
	at org.openqa.selenium.remote.ErrorCodec.decode(ErrorCodec.java:167)
	at org.openqa.selenium.remote.codec.w3c.W3CHttpResponseCodec.decode(W3CHttpResponseCodec.java:138)
	at org.openqa.selenium.remote.codec.w3c.W3CHttpResponseCodec.decode(W3CHttpResponseCodec.java:50)
	at org.openqa.selenium.remote.HttpCommandExecutor.execute(HttpCommandExecutor.java:190)
	at org.openqa.selenium.remote.service.DriverCommandExecutor.invokeExecute(DriverCommandExecutor.java:216)
	at org.openqa.selenium.remote.service.DriverCommandExecutor.execute(DriverCommandExecutor.java:174)
	at org.openqa.selenium.remote.RemoteWebDriver.execute(RemoteWebDriver.java:518)
	at org.openqa.selenium.remote.ElementLocation$ElementFinder$2.findElement(ElementLocation.java:165)
	at org.openqa.selenium.remote.ElementLocation.findElement(ElementLocation.java:59)
	at org.openqa.selenium.remote.RemoteWebDriver.findElement(RemoteWebDriver.java:355)
	at org.openqa.selenium.remote.RemoteWebDriver.findElement(RemoteWebDriver.java:349)
	at org.openqa.selenium.support.pagefactory.DefaultElementLocator.findElement(DefaultElementLocator.java:68)
	at org.openqa.selenium.support.pagefactory.internal.LocatingElementHandler.invoke(LocatingElementHandler.java:38)
	at jdk.proxy2/jdk.proxy2.$Proxy12.sendKeys(Unknown Source)
	at pagesBestBuy.CheckOutPageFilling.enterDebitCardNumber(CheckOutPageFilling.java:71)
	at baseBestBuy.TC_09_CheckOutPageTest.checkoutPage(TC_09_CheckOutPageTest.java:45)
	at java.base/jdk.internal.reflect.DirectMethodHandleAccessor.invoke(DirectMethodHandleAccessor.java:103)
	at java.base/java.lang.reflect.Method.invoke(Method.java:580)
	at org.testng.internal.invokers.MethodInvocationHelper.invokeMethod(MethodInvocationHelper.java:139)
	at org.testng.internal.invokers.TestInvoker.invokeMethod(TestInvoker.java:677)
	at org.testng.internal.invokers.TestInvoker.invokeTestMethod(TestInvoker.java:221)
	at org.testng.internal.invokers.MethodRunner.runInSequence(MethodRunner.java:50)
	at org.testng.internal.invokers.TestInvoker$MethodInvocationAgent.invoke(TestInvoker.java:969)
	at org.testng.internal.invokers.TestInvoker.invokeTestMethods(TestInvoker.java:194)
	at org.testng.internal.invokers.TestMethodWorker.invokeTestMethods(TestMethodWorker.java:148)
	at org.testng.internal.invokers.TestMethodWorker.run(TestMethodWorker.java:128)
	at java.base/java.util.ArrayList.forEach(ArrayList.java:1596)
	at org.testng.TestRunner.privateRun(TestRunner.java:829)
	at org.testng.TestRunner.run(TestRunner.java:602)
	at org.testng.SuiteRunner.runTest(SuiteRunner.java:437)
	at org.testng.SuiteRunner.runSequentially(SuiteRunner.java:431)
	at org.testng.SuiteRunner.privateRun(SuiteRunner.java:391)
	at org.testng.SuiteRunner.run(SuiteRunner.java:330)
	at org.testng.SuiteRunnerWorker.runSuite(SuiteRunnerWorker.java:52)
	at org.testng.SuiteRunnerWorker.run(SuiteRunnerWorker.java:95)
	at org.testng.TestNG.runSuitesSequentially(TestNG.java:1256)
	at org.testng.TestNG.runSuitesLocally(TestNG.java:1176)
	at org.testng.TestNG.runSuites(TestNG.java:1099)
	at org.testng.TestNG.run(TestNG.java:1067)
	at org.testng.remote.AbstractRemoteTestNG.run(AbstractRemoteTestNG.java:115)
	at org.testng.remote.RemoteTestNG.initAndRun(RemoteTestNG.java:293)
	at org.testng.remote.RemoteTestNG.main(RemoteTestNG.java:91)
</pre></div></td>
<td>80</td>
<td>baseBestBuy.TC_09_CheckOutPageTest@3c41ed1d</td></tr>
<tr>
<td title='baseBestBuy.TC_05_TestNavigationOfAllMenu.testNavigationAllMenuTitle()'><b>testNavigationAllMenuTitle</b><br>Test class: baseBestBuy.TC_05_TestNavigationOfAllMenu</td>
<td></td>
<td>60</td>
<td>baseBestBuy.TC_05_TestNavigationOfAllMenu@54d9d12d</td></tr>
</table><p>
</body>
</html>