<html>
<head>
<title>TestNG:  BBTest</title>
<link href="../testng.css" rel="stylesheet" type="text/css" />
<link href="../my-testng.css" rel="stylesheet" type="text/css" />

<style type="text/css">
.log { display: none;} 
.stack-trace { display: none;} 
</style>
<script type="text/javascript">
<!--
function flip(e) {
  current = e.style.display;
  if (current == 'block') {
    e.style.display = 'none';
    return 0;
  }
  else {
    e.style.display = 'block';
    return 1;
  }
}

function toggleBox(szDivId, elem, msg1, msg2)
{
  var res = -1;  if (document.getElementById) {
    res = flip(document.getElementById(szDivId));
  }
  else if (document.all) {
    // this is the way old msie versions work
    res = flip(document.all[szDivId]);
  }
  if(elem) {
    if(res == 0) elem.innerHTML = msg1; else elem.innerHTML = msg2;
  }

}

function toggleAllBoxes() {
  if (document.getElementsByTagName) {
    d = document.getElementsByTagName('div');
    for (i = 0; i < d.length; i++) {
      if (d[i].className == 'log') {
        flip(d[i]);
      }
    }
  }
}

// -->
</script>

</head>
<body>
<h2 align='center'>BBTest</h2><table border='1' align="center">
<tr>
<td>Tests passed/Failed/Skipped:</td><td>9/2/0</td>
</tr><tr>
<td>Started on:</td><td>Wed Jun 05 16:02:19 IST 2024</td>
</tr>
<tr><td>Total time:</td><td>343 seconds (343513 ms)</td>
</tr><tr>
<td>Included groups:</td><td></td>
</tr><tr>
<td>Excluded groups:</td><td></td>
</tr>
</table><p/>
<small><i>(Hover the method name to see the test class name)</i></small><p/>
<table width='100%' border='1' class='invocation-failed'>
<tr><td colspan='4' align='center'><b>FAILED TESTS</b></td></tr>
<tr><td><b>Test method</b></td>
<td><b>Attribute(s)</b></td>
<td width="30%"><b>Exception</b></td>
<td width="10%"><b>Time (seconds)</b></td>
<td><b>Instance</b></td>
</tr>
<tr>
<td title='baseBestBuy.TC_01_URLLinkHomepageBestBuy.testHomepage()'><b>testHomepage</b><br>Test class: baseBestBuy.TC_01_URLLinkHomepageBestBuy</td>
<td><div><pre>java.lang.AssertionError: Best Buy International: Select your Country - Best Buy expected:&lt;Best Buy International: Select your Country - Best Buy&gt; but was:&lt;titletestcase&gt;
	at baseBestBuy.TC_01_URLLinkHomepageBestBuy.testHomepage(TC_01_URLLinkHomepageBestBuy.java:26)
	at java.base/java.util.ArrayList.forEach(ArrayList.java:1596)
... Removed 26 stack frames</pre></div><a href='#' onClick='toggleBox("stack-trace2189588", this, "Click to show all stack frames", "Click to hide stack frames")'>Click to show all stack frames</a>
<div class='stack-trace' id='stack-trace2189588'><pre>java.lang.AssertionError: Best Buy International: Select your Country - Best Buy expected:&lt;Best Buy International: Select your Country - Best Buy&gt; but was:&lt;titletestcase&gt;
	at org.testng.AssertJUnit.assertEquals(AssertJUnit.java:115)
	at baseBestBuy.TC_01_URLLinkHomepageBestBuy.testHomepage(TC_01_URLLinkHomepageBestBuy.java:26)
	at java.base/jdk.internal.reflect.DirectMethodHandleAccessor.invoke(DirectMethodHandleAccessor.java:103)
	at java.base/java.lang.reflect.Method.invoke(Method.java:580)
	at org.testng.internal.invokers.MethodInvocationHelper.invokeMethod(MethodInvocationHelper.java:139)
	at org.testng.internal.invokers.TestInvoker.invokeMethod(TestInvoker.java:677)
	at org.testng.internal.invokers.TestInvoker.invokeTestMethod(TestInvoker.java:221)
	at org.testng.internal.invokers.MethodRunner.runInSequence(MethodRunner.java:50)
	at org.testng.internal.invokers.TestInvoker$MethodInvocationAgent.invoke(TestInvoker.java:969)
	at org.testng.internal.invokers.TestInvoker.invokeTestMethods(TestInvoker.java:194)
	at org.testng.internal.invokers.TestMethodWorker.invokeTestMethods(TestMethodWorker.java:148)
	at org.testng.internal.invokers.TestMethodWorker.run(TestMethodWorker.java:128)
	at java.base/java.util.ArrayList.forEach(ArrayList.java:1596)
	at org.testng.TestRunner.privateRun(TestRunner.java:829)
	at org.testng.TestRunner.run(TestRunner.java:602)
	at org.testng.SuiteRunner.runTest(SuiteRunner.java:437)
	at org.testng.SuiteRunner.runSequentially(SuiteRunner.java:431)
	at org.testng.SuiteRunner.privateRun(SuiteRunner.java:391)
	at org.testng.SuiteRunner.run(SuiteRunner.java:330)
	at org.testng.SuiteRunnerWorker.runSuite(SuiteRunnerWorker.java:52)
	at org.testng.SuiteRunnerWorker.run(SuiteRunnerWorker.java:95)
	at org.testng.TestNG.runSuitesSequentially(TestNG.java:1256)
	at org.testng.TestNG.runSuitesLocally(TestNG.java:1176)
	at org.testng.TestNG.runSuites(TestNG.java:1099)
	at org.testng.TestNG.run(TestNG.java:1067)
	at org.testng.remote.AbstractRemoteTestNG.run(AbstractRemoteTestNG.java:115)
	at org.testng.remote.RemoteTestNG.initAndRun(RemoteTestNG.java:293)
	at org.testng.remote.RemoteTestNG.main(RemoteTestNG.java:91)
</pre></div></td>
<td>0</td>
<td>baseBestBuy.TC_01_URLLinkHomepageBestBuy@702657cc</td></tr>
<tr>
<td title='baseBestBuy.TC_09_CheckOutPageTest.checkoutPage()'><b>checkoutPage</b><br>Test class: baseBestBuy.TC_09_CheckOutPageTest</td>
<td><div><pre>org.testng.TestException: 
Method TC_09_CheckOutPageTest.checkoutPage()[pri:11, instance:baseBestBuy.TC_09_CheckOutPageTest@43bc63a3] should have thrown an exception of type class org.openqa.selenium.NoSuchElementException
	at java.base/java.util.ArrayList.forEach(ArrayList.java:1596)
... Removed 24 stack frames</pre></div><a href='#' onClick='toggleBox("stack-trace1196716338", this, "Click to show all stack frames", "Click to hide stack frames")'>Click to show all stack frames</a>
<div class='stack-trace' id='stack-trace1196716338'><pre>org.testng.TestException: 
Method TC_09_CheckOutPageTest.checkoutPage()[pri:11, instance:baseBestBuy.TC_09_CheckOutPageTest@43bc63a3] should have thrown an exception of type class org.openqa.selenium.NoSuchElementException
	at org.testng.internal.invokers.ExpectedExceptionsHolder.noException(ExpectedExceptionsHolder.java:81)
	at org.testng.internal.invokers.TestInvoker.considerExceptions(TestInvoker.java:873)
	at org.testng.internal.invokers.TestInvoker.invokeMethod(TestInvoker.java:731)
	at org.testng.internal.invokers.TestInvoker.invokeTestMethod(TestInvoker.java:221)
	at org.testng.internal.invokers.MethodRunner.runInSequence(MethodRunner.java:50)
	at org.testng.internal.invokers.TestInvoker$MethodInvocationAgent.invoke(TestInvoker.java:969)
	at org.testng.internal.invokers.TestInvoker.invokeTestMethods(TestInvoker.java:194)
	at org.testng.internal.invokers.TestMethodWorker.invokeTestMethods(TestMethodWorker.java:148)
	at org.testng.internal.invokers.TestMethodWorker.run(TestMethodWorker.java:128)
	at java.base/java.util.ArrayList.forEach(ArrayList.java:1596)
	at org.testng.TestRunner.privateRun(TestRunner.java:829)
	at org.testng.TestRunner.run(TestRunner.java:602)
	at org.testng.SuiteRunner.runTest(SuiteRunner.java:437)
	at org.testng.SuiteRunner.runSequentially(SuiteRunner.java:431)
	at org.testng.SuiteRunner.privateRun(SuiteRunner.java:391)
	at org.testng.SuiteRunner.run(SuiteRunner.java:330)
	at org.testng.SuiteRunnerWorker.runSuite(SuiteRunnerWorker.java:52)
	at org.testng.SuiteRunnerWorker.run(SuiteRunnerWorker.java:95)
	at org.testng.TestNG.runSuitesSequentially(TestNG.java:1256)
	at org.testng.TestNG.runSuitesLocally(TestNG.java:1176)
	at org.testng.TestNG.runSuites(TestNG.java:1099)
	at org.testng.TestNG.run(TestNG.java:1067)
	at org.testng.remote.AbstractRemoteTestNG.run(AbstractRemoteTestNG.java:115)
	at org.testng.remote.RemoteTestNG.initAndRun(RemoteTestNG.java:293)
	at org.testng.remote.RemoteTestNG.main(RemoteTestNG.java:91)
</pre></div></td>
<td>53</td>
<td>baseBestBuy.TC_09_CheckOutPageTest@43bc63a3</td></tr>
</table><p>
<table width='100%' border='1' class='invocation-passed'>
<tr><td colspan='4' align='center'><b>PASSED TESTS</b></td></tr>
<tr><td><b>Test method</b></td>
<td><b>Attribute(s)</b></td>
<td width="30%"><b>Exception</b></td>
<td width="10%"><b>Time (seconds)</b></td>
<td><b>Instance</b></td>
</tr>
<tr>
<td title='baseBestBuy.TC_07_AddItemDeptTest.addItemShopByDep()'><b>addItemShopByDep</b><br>Test class: baseBestBuy.TC_07_AddItemDeptTest</td>
<td></td>
<td>25</td>
<td>baseBestBuy.TC_07_AddItemDeptTest@40a4337a</td></tr>
<tr>
<td title='baseBestBuy.TC_01_URLLinkHomepageBestBuy.verifyingUrl()'><b>verifyingUrl</b><br>Test class: baseBestBuy.TC_01_URLLinkHomepageBestBuy</td>
<td></td>
<td>9</td>
<td>baseBestBuy.TC_01_URLLinkHomepageBestBuy@702657cc</td></tr>
<tr>
<td title='baseBestBuy.TC_03_LoginTestcases.loginTest()'><b>loginTest</b><br>Test class: baseBestBuy.TC_03_LoginTestcases</td>
<td></td>
<td>15</td>
<td>baseBestBuy.TC_03_LoginTestcases@6025e1b6</td></tr>
<tr>
<td title='baseBestBuy.TC_04_BottomLinksTestBB.toVerifyBottomLinks()'><b>toVerifyBottomLinks</b><br>Test class: baseBestBuy.TC_04_BottomLinksTestBB</td>
<td></td>
<td>16</td>
<td>baseBestBuy.TC_04_BottomLinksTestBB@6a6cb05c</td></tr>
<tr>
<td title='baseBestBuy.TC_08_AddItemBrandMenuTest.addItemFromBrands()'><b>addItemFromBrands</b><br>Test class: baseBestBuy.TC_08_AddItemBrandMenuTest</td>
<td></td>
<td>31</td>
<td>baseBestBuy.TC_08_AddItemBrandMenuTest@54d9d12d</td></tr>
<tr>
<td title='baseBestBuy.TC_06_SearchAddIteamTestBB.addToCart()'><b>addToCart</b><br>Test class: baseBestBuy.TC_06_SearchAddIteamTestBB</td>
<td></td>
<td>27</td>
<td>baseBestBuy.TC_06_SearchAddIteamTestBB@3c41ed1d</td></tr>
<tr>
<td title='baseBestBuy.TC_01_URLLinkHomepageBestBuy.selectLocation()'><b>selectLocation</b><br>Test class: baseBestBuy.TC_01_URLLinkHomepageBestBuy</td>
<td></td>
<td>7</td>
<td>baseBestBuy.TC_01_URLLinkHomepageBestBuy@702657cc</td></tr>
<tr>
<td title='baseBestBuy.TC_02_SignUpTest.signupTest()'><b>signupTest</b><br>Test class: baseBestBuy.TC_02_SignUpTest</td>
<td></td>
<td>16</td>
<td>baseBestBuy.TC_02_SignUpTest@368f2016</td></tr>
<tr>
<td title='baseBestBuy.TC_05_TestNavigationOfAllMenu.testNavigationAllMenuTitle()'><b>testNavigationAllMenuTitle</b><br>Test class: baseBestBuy.TC_05_TestNavigationOfAllMenu</td>
<td></td>
<td>67</td>
<td>baseBestBuy.TC_05_TestNavigationOfAllMenu@38425407</td></tr>
</table><p>
</body>
</html>