<?xml version="1.0" encoding="UTF-8"?>
<!-- Generated by org.testng.reporters.JUnitXMLReporter -->
<testsuite ignored="0" hostname="DESKTOP-8S6QOCR" failures="2" tests="11" name="BBTest" time="343.513" errors="0" timestamp="2024-06-05T16:08:03 IST">
  <testcase classname="baseBestBuy.TC_02_SignUpTest" name="signupTest" time="16.379"/>
  <testcase classname="baseBestBuy.TC_06_SearchAddIteamTestBB" name="addToCart" time="27.798"/>
  <testcase classname="baseBestBuy.TC_08_AddItemBrandMenuTest" name="addItemFromBrands" time="31.794"/>
  <testcase classname="baseBestBuy.TC_05_TestNavigationOfAllMenu" name="testNavigationAllMenuTitle" time="67.099"/>
  <testcase classname="baseBestBuy.TC_09_CheckOutPageTest" name="checkoutPage" time="53.405">
    <failure type="org.testng.TestException" message="
Method TC_09_CheckOutPageTest.checkoutPage()[pri:11, instance:baseBestBuy.TC_09_CheckOutPageTest@43bc63a3] should have thrown an exception of type class org.openqa.selenium.NoSuchElementException">
      <![CDATA[org.testng.TestException: 
Method TC_09_CheckOutPageTest.checkoutPage()[pri:11, instance:baseBestBuy.TC_09_CheckOutPageTest@43bc63a3] should have thrown an exception of type class org.openqa.selenium.NoSuchElementException
at java.base/java.util.ArrayList.forEach(ArrayList.java:1596)
... Removed 24 stack frames]]>
    </failure>
  </testcase> <!-- checkoutPage -->
  <testcase classname="baseBestBuy.TC_01_URLLinkHomepageBestBuy" name="verifyingUrl" time="9.15"/>
  <testcase classname="baseBestBuy.TC_01_URLLinkHomepageBestBuy" name="testHomepage" time="0.017">
    <failure type="java.lang.AssertionError" message="Best Buy International: Select your Country - Best Buy expected:&amp;lt;Best Buy International: Select your Country - Best Buy&amp;gt; but was:&amp;lt;titletestcase&amp;gt;">
      <![CDATA[java.lang.AssertionError: Best Buy International: Select your Country - Best Buy expected:<Best Buy International: Select your Country - Best Buy> but was:<titletestcase>
at baseBestBuy.TC_01_URLLinkHomepageBestBuy.testHomepage(TC_01_URLLinkHomepageBestBuy.java:26)
at java.base/java.util.ArrayList.forEach(ArrayList.java:1596)
... Removed 26 stack frames]]>
    </failure>
  </testcase> <!-- testHomepage -->
  <testcase classname="baseBestBuy.TC_01_URLLinkHomepageBestBuy" name="selectLocation" time="7.516"/>
  <testcase classname="baseBestBuy.TC_04_BottomLinksTestBB" name="toVerifyBottomLinks" time="16.791"/>
  <testcase classname="baseBestBuy.TC_07_AddItemDeptTest" name="addItemShopByDep" time="25.702"/>
  <testcase classname="baseBestBuy.TC_03_LoginTestcases" name="loginTest" time="15.951"/>
</testsuite> <!-- BBTest -->
